- 00:56:35.171 INFO: --------------------------------------------------------
- 00:56:35.171 INFO: Started application
- 00:56:35.171 INFO: Logging to: G:\PHP_DESKTOP\EasyQuotation\debug.log
- 00:56:35.171 INFO: Log level = DEBUG4
- 00:56:35.171 INFO: Starting Mongoose 3.9c web server
- 00:56:35.171 INFO: WWW directory: G:\PHP_DESKTOP\EasyQuotation\www
- 00:56:35.171 INFO: Index files: index.html,index.php
- 00:56:35.171 INFO: CGI interpreter: G:\PHP_DESKTOP\EasyQuotation\php\php-cgi.exe
- 00:56:35.171 INFO: CGI pattern: **.php$
- 00:56:35.171 INFO: Hide files patterns: 
- 00:56:35.187 INFO: CGI environment variables set: TMP=C:\Users\Arindam\AppData\Local\Temp\,TEMP=C:\Users\Arindam\AppData\Local\Temp\,TMPDIR=C:\Users\Arindam\AppData\Local\Temp\,SERVER_NAME=127.0.0.1,PHPDESKTOP_VERSION=57.0
- 00:56:35.218 INFO: Web server url: http://127.0.0.1:60600/
- 00:56:35.218 INFO: remote_debugging_port = 58723
- 00:56:35.281 DEBUG: Command line string for the browser process: "G:\PHP_DESKTOP\EasyQuotation\phpdesktop-chrome.exe" --no-sandbox --lang=en-US --log-file="G:\PHP_DESKTOP\EasyQuotation\debug.log" --remote-debugging-port=58723
- 00:56:37.000 DEBUG: Command line string for the gpu-process process: "G:\PHP_DESKTOP\EasyQuotation\phpdesktop-chrome.exe" --type=gpu-process --no-sandbox --lang=en-US --log-file="G:\PHP_DESKTOP\EasyQuotation\debug.log" --disable-direct-composition --supports-dual-gpus=false --gpu-driver-bug-workarounds=7,10,18,19,20,23,41,61,74 --disable-gl-extensions="GL_KHR_blend_equation_advanced GL_KHR_blend_equation_advanced_coherent" --gpu-vendor-id=0x8086 --gpu-device-id=0x5916 --gpu-driver-vendor="Intel Corporation" --gpu-driver-version=26.20.100.7810 --gpu-driver-date=1-21-2020 --lang=en-US --log-file="G:\PHP_DESKTOP\EasyQuotation\debug.log" --service-request-channel-token=4A734C21A2EE89D8DB52D3E861EB6591 --mojo-platform-channel-handle=1852 /prefetch:2
- 00:56:37.203 DEBUG: App::OnContextInitialized()
- 00:56:37.203 DEBUG: Window max width/height = 1286/680
- 00:56:37.203 DEBUG: GetBrowserWindow(): not found, hwnd = 198156
- 00:56:37.203 DEBUG: WindowProc(): event WM_GETMINMAXINFO: could not fetch BrowserWindow
- 00:56:37.203 DEBUG: BrowserWindow::CreateBrowserControl()
- 00:56:37.203 DEBUG: StoreBrowserWindow(): hwnd = 198156
- 00:56:38.437 DEBUG: ClientHandler::OnAfterCreated()
- 00:56:38.437 DEBUG: SetCefBrowser() called in ClientHandler::OnAfterCreated()
- 00:56:38.515 DEBUG: OnLoadingStateChange: loading=1, url=
- 00:56:38.016 DEBUG: Command line string for the renderer process: "G:\PHP_DESKTOP\EasyQuotation\phpdesktop-chrome.exe" --type=renderer --no-sandbox --primordial-pipe-token=CDAF26DF97E5460BD8A4C3F631C9BE4A --lang=en-US --lang=en-US --log-file="G:\PHP_DESKTOP\EasyQuotation\debug.log" --enable-pinch --device-scale-factor=1 --num-raster-threads=2 --enable-main-frame-before-activation --content-image-texture-target=0,0,3553;0,1,3553;0,2,3553;0,3,3553;0,4,3553;0,5,3553;0,6,3553;0,7,3553;0,8,3553;0,9,3553;0,10,3553;0,11,3553;0,12,3553;0,13,3553;0,14,3553;0,15,3553;1,0,3553;1,1,3553;1,2,3553;1,3,3553;1,4,3553;1,5,3553;1,6,3553;1,7,3553;1,8,3553;1,9,3553;1,10,3553;1,11,3553;1,12,3553;1,13,3553;1,14,3553;1,15,3553;2,0,3553;2,1,3553;2,2,3553;2,3,3553;2,4,3553;2,5,3553;2,6,3553;2,7,3553;2,8,3553;2,9,3553;2,10,3553;2,11,3553;2,12,3553;2,13,3553;2,14,3553;2,15,3553;3,0,3553;3,1,3553;3,2,3553;3,3,3553;3,4,3553;3,5,3553;3,6,3553;3,7,3553;3,8,3553;3,9,3553;3,10,3553;3,11,3553;3,12,3553;3,13,3553;3,14,3553;3,15,3553 --service-request-channel-token=CDAF26DF97E5460BD8A4C3F631C9BE4A --renderer-client-id=3 --mojo-platform-channel-handle=2424 /prefetch:1
- 00:56:38.329 DEBUG: OnBrowserCreated()
[0614/005639.508:ERROR:child_thread_impl.cc(762)] Request for unknown Channel-associated interface: ui::mojom::GpuMain
- 00:56:42.093 INFO: GET 200 /assets/bs_multi_select/bootstrap-multiselect.css
- 00:56:42.109 INFO: GET 200 /assets/arindam_style.css
- 00:56:42.563 DEBUG: OnContextCreated()
- 00:56:42.109 INFO: GET 200 /assets/bootstrap3/css/bootstrap.min.css
- 00:56:42.109 INFO: GET 200 /
- 00:56:42.125 INFO: GET 200 /assets/jquery_ui/jquery-ui.css
- 00:56:42.140 INFO: GET 200 /assets/select2/select2.min.css
- 00:56:42.140 INFO: GET 200 /assets/bootstrap.min.js
- 00:56:42.156 INFO: GET 200 /assets/jquery.min.js
- 00:56:42.234 INFO: GET 200 /assets/select2/select2.full.js
- 00:56:42.312 INFO: GET 200 /assets/bs_multi_select/bootstrap-multiselect.js
- 00:56:42.328 INFO: GET 200 /assets/arindam_script.js
- 00:56:43.343 INFO: GET 200 /images/creative-syntax.png
- 00:56:43.375 INFO: GET 200 /assets/jquery.blockUI.js
- 00:56:43.375 INFO: GET 200 /assets/jquery_validator/jquery.validate.min.js
- 00:56:43.406 INFO: GET 200 /assets/jquery_ui/jquery-ui.js
- 00:56:43.906 INFO: GET 200 /assets/jquery_validator/additional-methods.min.js
- 00:56:43.015 DEBUG: OnLoadingStateChange: loading=0, url=http://127.0.0.1:60600/
- 00:56:59.875 INFO: GET 200 /assets/bootstrap3/fonts/bootstrap/glyphicons-halflings-regular.woff2
[0614/005700.285:INFO:CONSOLE(24)] "hide", source: http://127.0.0.1:60600/assets/arindam_script.js (24)
[0614/005705.548:INFO:CONSOLE(24)] "hide", source: http://127.0.0.1:60600/assets/arindam_script.js (24)
[0614/005714.278:INFO:CONSOLE(24)] "hide", source: http://127.0.0.1:60600/assets/arindam_script.js (24)
[0614/005717.363:INFO:CONSOLE(24)] "hide", source: http://127.0.0.1:60600/assets/arindam_script.js (24)
[0614/005720.071:INFO:CONSOLE(24)] "hide", source: http://127.0.0.1:60600/assets/arindam_script.js (24)
- 00:57:27.531 INFO: POST 200 /process.php
- 00:57:54.312 DEBUG: Command line string for the utility process: "G:\PHP_DESKTOP\EasyQuotation\phpdesktop-chrome.exe" --type=utility --lang=en-US --no-sandbox --lang=en-US --log-file="G:\PHP_DESKTOP\EasyQuotation\debug.log" --service-request-channel-token=13CCE7B1723D8B8A9EE290A164923DAC --mojo-platform-channel-handle=5556 /prefetch:8
- 00:59:16.562 DEBUG: OnLoadingStateChange: loading=1, url=http://127.0.0.1:60600/
- 00:59:16.281 INFO: GET 200 /
- 00:59:17.844 DEBUG: OnContextCreated()
- 00:59:17.093 DEBUG: OnLoadingStateChange: loading=0, url=http://127.0.0.1:60600/
- 00:59:23.046 DEBUG: WM_DESTROY
- 00:59:23.046 DEBUG: RemoveBrowserWindow(): hwnd = 198156
- 00:59:23.078 INFO: Stopping Mongoose web server
- 00:59:23.078 DEBUG: Mongoose webserver stopped immediately
- 00:59:23.109 DEBUG: OnBeforeClose() hwnd=263756
- 00:59:23.109 DEBUG: RemoveBrowserWindow(): hwnd = 263756
- 00:59:23.125 DEBUG: GetBrowserWindow(): not found, hwnd = 263756
- 00:59:23.125 WARNING: RemoveBrowserWindow() failed: GetBrowserWindow() failed
- 00:59:23.140 DEBUG: Calling CefQuitMessageLoop()
- 00:59:24.844 DEBUG: OnBrowserDestroyed()
- 00:59:24.687 INFO: Ended application
- 00:59:24.687 INFO: --------------------------------------------------------
- 01:04:04.078 INFO: --------------------------------------------------------
- 01:04:04.094 INFO: Started application
- 01:04:04.094 INFO: Logging to: G:\PHP_DESKTOP\EasyQuotation\debug.log
- 01:04:04.094 INFO: Log level = DEBUG4
- 01:04:04.094 INFO: Starting Mongoose 3.9c web server
- 01:04:04.094 INFO: WWW directory: G:\PHP_DESKTOP\EasyQuotation\www
- 01:04:04.094 INFO: Index files: index.html,index.php
- 01:04:04.094 INFO: CGI interpreter: G:\PHP_DESKTOP\EasyQuotation\php\php-cgi.exe
- 01:04:04.094 INFO: CGI pattern: **.php$
- 01:04:04.094 INFO: Hide files patterns: 
- 01:04:04.094 INFO: CGI environment variables set: TMP=C:\Users\Arindam\AppData\Local\Temp\,TEMP=C:\Users\Arindam\AppData\Local\Temp\,TMPDIR=C:\Users\Arindam\AppData\Local\Temp\,SERVER_NAME=127.0.0.1,PHPDESKTOP_VERSION=57.0
- 01:04:04.141 INFO: Web server url: http://127.0.0.1:60940/
- 01:04:04.141 INFO: remote_debugging_port = 64559
- 01:04:04.250 DEBUG: Command line string for the browser process: "G:\PHP_DESKTOP\EasyQuotation\phpdesktop-chrome.exe" --no-sandbox --lang=en-US --log-file="G:\PHP_DESKTOP\EasyQuotation\debug.log" --remote-debugging-port=64559
- 01:04:06.000 DEBUG: Command line string for the gpu-process process: "G:\PHP_DESKTOP\EasyQuotation\phpdesktop-chrome.exe" --type=gpu-process --no-sandbox --lang=en-US --log-file="G:\PHP_DESKTOP\EasyQuotation\debug.log" --disable-direct-composition --supports-dual-gpus=false --gpu-driver-bug-workarounds=7,10,18,19,20,23,41,61,74 --disable-gl-extensions="GL_KHR_blend_equation_advanced GL_KHR_blend_equation_advanced_coherent" --gpu-vendor-id=0x8086 --gpu-device-id=0x5916 --gpu-driver-vendor="Intel Corporation" --gpu-driver-version=26.20.100.7810 --gpu-driver-date=1-21-2020 --lang=en-US --log-file="G:\PHP_DESKTOP\EasyQuotation\debug.log" --service-request-channel-token=0197B93B563E2387504F6FD757AE95A4 --mojo-platform-channel-handle=1800 /prefetch:2
- 01:04:06.250 DEBUG: App::OnContextInitialized()
- 01:04:06.250 DEBUG: Window max width/height = 1286/680
- 01:04:06.250 DEBUG: GetBrowserWindow(): not found, hwnd = 263720
- 01:04:06.250 DEBUG: WindowProc(): event WM_GETMINMAXINFO: could not fetch BrowserWindow
- 01:04:06.250 DEBUG: BrowserWindow::CreateBrowserControl()
- 01:04:06.250 DEBUG: StoreBrowserWindow(): hwnd = 263720
[0614/010406.390:ERROR:child_thread_impl.cc(762)] Request for unknown Channel-associated interface: ui::mojom::GpuMain
- 01:04:06.516 DEBUG: ClientHandler::OnAfterCreated()
- 01:04:06.516 DEBUG: SetCefBrowser() called in ClientHandler::OnAfterCreated()
- 01:04:06.641 DEBUG: OnLoadingStateChange: loading=1, url=
- 01:04:06.016 DEBUG: Command line string for the renderer process: "G:\PHP_DESKTOP\EasyQuotation\phpdesktop-chrome.exe" --type=renderer --no-sandbox --primordial-pipe-token=052067E8BEA2DF61F799DE8346EC25BB --lang=en-US --lang=en-US --log-file="G:\PHP_DESKTOP\EasyQuotation\debug.log" --enable-pinch --device-scale-factor=1 --num-raster-threads=2 --enable-main-frame-before-activation --content-image-texture-target=0,0,3553;0,1,3553;0,2,3553;0,3,3553;0,4,3553;0,5,3553;0,6,3553;0,7,3553;0,8,3553;0,9,3553;0,10,3553;0,11,3553;0,12,3553;0,13,3553;0,14,3553;0,15,3553;1,0,3553;1,1,3553;1,2,3553;1,3,3553;1,4,3553;1,5,3553;1,6,3553;1,7,3553;1,8,3553;1,9,3553;1,10,3553;1,11,3553;1,12,3553;1,13,3553;1,14,3553;1,15,3553;2,0,3553;2,1,3553;2,2,3553;2,3,3553;2,4,3553;2,5,3553;2,6,3553;2,7,3553;2,8,3553;2,9,3553;2,10,3553;2,11,3553;2,12,3553;2,13,3553;2,14,3553;2,15,3553;3,0,3553;3,1,3553;3,2,3553;3,3,3553;3,4,3553;3,5,3553;3,6,3553;3,7,3553;3,8,3553;3,9,3553;3,10,3553;3,11,3553;3,12,3553;3,13,3553;3,14,3553;3,15,3553 --service-request-channel-token=052067E8BEA2DF61F799DE8346EC25BB --renderer-client-id=3 --mojo-platform-channel-handle=2372 /prefetch:1
- 01:04:07.094 DEBUG: OnBrowserCreated()
- 01:04:07.110 DEBUG: renderer[1] OnProcessMessageReceived: SetIsFullscreen
- 01:04:10.313 INFO: GET 200 /
- 01:04:10.375 INFO: GET 200 /assets/jquery.min.js
- 01:04:10.391 INFO: GET 200 /assets/bs_multi_select/bootstrap-multiselect.css
- 01:04:10.406 INFO: GET 200 /assets/arindam_style.css
- 01:04:10.422 INFO: GET 200 /assets/bootstrap.min.js
- 01:04:10.438 INFO: GET 200 /assets/bootstrap3/css/bootstrap.min.css
- 01:04:10.438 INFO: GET 200 /assets/select2/select2.min.css
- 01:04:10.438 INFO: GET 200 /assets/jquery_ui/jquery-ui.css
- 01:04:10.547 DEBUG: OnContextCreated()
- 01:04:10.656 INFO: GET 200 /images/creative-syntax.png
- 01:04:10.735 INFO: GET 200 /assets/select2/select2.full.js
- 01:04:10.844 INFO: GET 200 /assets/bs_multi_select/bootstrap-multiselect.js
- 01:04:10.938 INFO: GET 200 /assets/jquery_ui/jquery-ui.js
- 01:04:10.047 INFO: GET 200 /assets/arindam_script.js
- 01:04:10.047 INFO: GET 200 /assets/jquery.blockUI.js
- 01:04:10.063 INFO: GET 200 /assets/jquery_validator/additional-methods.min.js
- 01:04:11.078 INFO: GET 200 /assets/jquery_validator/jquery.validate.min.js
- 01:04:11.578 DEBUG: OnLoadingStateChange: loading=0, url=http://127.0.0.1:60940/
- 01:04:55.453 DEBUG: WM_DESTROY
- 01:04:55.453 DEBUG: RemoveBrowserWindow(): hwnd = 263720
- 01:04:55.453 INFO: Stopping Mongoose web server
- 01:04:55.453 DEBUG: Mongoose webserver stopped immediately
- 01:04:55.453 DEBUG: OnBeforeClose() hwnd=3998996
- 01:04:55.453 DEBUG: RemoveBrowserWindow(): hwnd = 3998996
- 01:04:55.453 DEBUG: GetBrowserWindow(): not found, hwnd = 3998996
- 01:04:55.453 WARNING: RemoveBrowserWindow() failed: GetBrowserWindow() failed
- 01:04:55.453 DEBUG: Calling CefQuitMessageLoop()
- 01:04:55.594 DEBUG: OnBrowserDestroyed()
- 01:04:55.719 INFO: Ended application
- 01:04:55.719 INFO: --------------------------------------------------------
- 01:05:33.015 INFO: --------------------------------------------------------
- 01:05:33.015 INFO: Started application
- 01:05:33.015 INFO: Logging to: G:\PHP_DESKTOP\EasyQuotation\debug.log
- 01:05:33.015 INFO: Log level = DEBUG4
- 01:05:33.015 INFO: Starting Mongoose 3.9c web server
- 01:05:33.015 INFO: WWW directory: G:\PHP_DESKTOP\EasyQuotation\www
- 01:05:33.015 INFO: Index files: index.html,index.php
- 01:05:33.015 INFO: CGI interpreter: G:\PHP_DESKTOP\EasyQuotation\php\php-cgi.exe
- 01:05:33.015 INFO: CGI pattern: **.php$
- 01:05:33.015 INFO: Hide files patterns: 
- 01:05:33.015 INFO: CGI environment variables set: TMP=C:\Users\Arindam\AppData\Local\Temp\,TEMP=C:\Users\Arindam\AppData\Local\Temp\,TMPDIR=C:\Users\Arindam\AppData\Local\Temp\,SERVER_NAME=127.0.0.1,PHPDESKTOP_VERSION=57.0
- 01:05:33.015 INFO: Web server url: http://127.0.0.1:60980/
- 01:05:33.015 INFO: remote_debugging_port = 59035
- 01:05:33.015 DEBUG: Command line string for the browser process: "G:\PHP_DESKTOP\EasyQuotation\phpdesktop-chrome.exe" --no-sandbox --lang=en-US --log-file="G:\PHP_DESKTOP\EasyQuotation\debug.log" --remote-debugging-port=59035
- 01:05:33.093 DEBUG: App::OnContextInitialized()
- 01:05:33.093 DEBUG: Window max width/height = 1286/680
- 01:05:33.093 DEBUG: GetBrowserWindow(): not found, hwnd = 2426296
- 01:05:33.093 DEBUG: WindowProc(): event WM_GETMINMAXINFO: could not fetch BrowserWindow
- 01:05:33.093 DEBUG: BrowserWindow::CreateBrowserControl()
- 01:05:33.093 DEBUG: StoreBrowserWindow(): hwnd = 2426296
- 01:05:33.203 DEBUG: ClientHandler::OnAfterCreated()
- 01:05:33.203 DEBUG: SetCefBrowser() called in ClientHandler::OnAfterCreated()
- 01:05:33.234 DEBUG: OnLoadingStateChange: loading=1, url=
- 01:05:33.015 DEBUG: Command line string for the renderer process: "G:\PHP_DESKTOP\EasyQuotation\phpdesktop-chrome.exe" --type=renderer --no-sandbox --primordial-pipe-token=2AC74532F0C4C50BC953AADF3E77CA2D --lang=en-US --lang=en-US --log-file="G:\PHP_DESKTOP\EasyQuotation\debug.log" --enable-pinch --device-scale-factor=1 --num-raster-threads=2 --enable-main-frame-before-activation --content-image-texture-target=0,0,3553;0,1,3553;0,2,3553;0,3,3553;0,4,3553;0,5,3553;0,6,3553;0,7,3553;0,8,3553;0,9,3553;0,10,3553;0,11,3553;0,12,3553;0,13,3553;0,14,3553;0,15,3553;1,0,3553;1,1,3553;1,2,3553;1,3,3553;1,4,3553;1,5,3553;1,6,3553;1,7,3553;1,8,3553;1,9,3553;1,10,3553;1,11,3553;1,12,3553;1,13,3553;1,14,3553;1,15,3553;2,0,3553;2,1,3553;2,2,3553;2,3,3553;2,4,3553;2,5,3553;2,6,3553;2,7,3553;2,8,3553;2,9,3553;2,10,3553;2,11,3553;2,12,3553;2,13,3553;2,14,3553;2,15,3553;3,0,3553;3,1,3553;3,2,3553;3,3,3553;3,4,3553;3,5,3553;3,6,3553;3,7,3553;3,8,3553;3,9,3553;3,10,3553;3,11,3553;3,12,3553;3,13,3553;3,14,3553;3,15,3553 --service-request-channel-token=2AC74532F0C4C50BC953AADF3E77CA2D --renderer-client-id=3 --mojo-platform-channel-handle=2360 /prefetch:1
- 01:05:33.000 DEBUG: Command line string for the gpu-process process: "G:\PHP_DESKTOP\EasyQuotation\phpdesktop-chrome.exe" --type=gpu-process --no-sandbox --lang=en-US --log-file="G:\PHP_DESKTOP\EasyQuotation\debug.log" --disable-direct-composition --supports-dual-gpus=false --gpu-driver-bug-workarounds=7,10,18,19,20,23,41,61,74 --disable-gl-extensions="GL_KHR_blend_equation_advanced GL_KHR_blend_equation_advanced_coherent" --gpu-vendor-id=0x8086 --gpu-device-id=0x5916 --gpu-driver-vendor="Intel Corporation" --gpu-driver-version=26.20.100.7810 --gpu-driver-date=1-21-2020 --lang=en-US --log-file="G:\PHP_DESKTOP\EasyQuotation\debug.log" --service-request-channel-token=F80E65BDF49332B4DF447B024177DF6C --mojo-platform-channel-handle=1764 /prefetch:2
- 01:05:33.078 DEBUG: OnBrowserCreated()
[0614/010533.622:ERROR:child_thread_impl.cc(762)] Request for unknown Channel-associated interface: ui::mojom::GpuMain
- 01:05:35.281 INFO: GET 200 /
- 01:05:35.968 DEBUG: OnContextCreated()
- 01:05:35.296 INFO: GET 200 /assets/bs_multi_select/bootstrap-multiselect.css
- 01:05:35.296 INFO: GET 200 /assets/arindam_style.css
- 01:05:35.296 INFO: GET 200 /assets/bootstrap3/css/bootstrap.min.css
- 01:05:35.312 INFO: GET 200 /assets/select2/select2.min.css
- 01:05:35.328 INFO: GET 200 /assets/jquery_ui/jquery-ui.css
- 01:05:35.328 INFO: GET 200 /assets/bootstrap.min.js
- 01:05:35.359 INFO: GET 200 /assets/jquery.min.js
- 01:05:35.421 INFO: GET 200 /assets/select2/select2.full.js
- 01:05:35.453 INFO: GET 200 /assets/bs_multi_select/bootstrap-multiselect.js
- 01:05:35.484 INFO: GET 200 /assets/jquery_ui/jquery-ui.js
- 01:05:35.562 INFO: GET 200 /assets/arindam_script.js
- 01:05:35.562 INFO: GET 200 /assets/jquery.blockUI.js
- 01:05:35.562 INFO: GET 200 /assets/jquery_validator/additional-methods.min.js
- 01:05:35.578 INFO: GET 200 /assets/jquery_validator/jquery.validate.min.js
- 01:05:35.593 INFO: GET 200 /images/creative-syntax.png
- 01:05:36.968 DEBUG: OnLoadingStateChange: loading=0, url=http://127.0.0.1:60980/
- 01:22:49.421 DEBUG: WM_DESTROY
- 01:22:49.500 DEBUG: RemoveBrowserWindow(): hwnd = 2426296
- 01:22:49.500 INFO: Stopping Mongoose web server
- 01:22:49.500 DEBUG: Mongoose webserver stopped immediately
- 01:22:49.515 DEBUG: OnBeforeClose() hwnd=525920
- 01:22:49.515 DEBUG: RemoveBrowserWindow(): hwnd = 525920
- 01:22:49.515 DEBUG: GetBrowserWindow(): not found, hwnd = 525920
- 01:22:49.515 WARNING: RemoveBrowserWindow() failed: GetBrowserWindow() failed
- 01:22:49.515 DEBUG: Calling CefQuitMessageLoop()
- 01:22:50.406 INFO: Ended application
- 01:22:50.406 INFO: --------------------------------------------------------
